Sun 16 Oct 2022 11:20:17 PM UTC: 
 heap.c | 5 +++++
 1 file changed, 5 insertions(+)
In file included from test.c:4:
heap.c: In function ‘createHeap’:
heap.c:36:3: error: conversion to non-scalar type requested
   36 |   Heap * new = (Heap )malloc(sizeof(Heap));
      |   ^~~~
Compilation failed
4149231
Sun 16 Oct 2022 11:20:20 PM UTC: 
In file included from test.c:4:
heap.c: In function ‘createHeap’:
heap.c:36:3: error: conversion to non-scalar type requested
   36 |   Heap * new = (Heap )malloc(sizeof(Heap));
      |   ^~~~
Compilation failed
be8a750
Sun 16 Oct 2022 11:20:21 PM UTC: 
In file included from test.c:4:
heap.c: In function ‘createHeap’:
heap.c:36:3: error: conversion to non-scalar type requested
   36 |   Heap * new = (Heap )malloc(sizeof(Heap));
      |   ^~~~
Compilation failed
fda6d92
Sun 16 Oct 2022 11:20:36 PM UTC: 
In file included from test.c:4:
heap.c: In function ‘createHeap’:
heap.c:36:3: error: conversion to non-scalar type requested
   36 |   Heap * new = (Heap )malloc(sizeof(Heap));
      |   ^~~~
Compilation failed
f98413f
Sun 16 Oct 2022 11:20:37 PM UTC: 
In file included from test.c:4:
heap.c: In function ‘createHeap’:
heap.c:36:3: error: conversion to non-scalar type requested
   36 |   Heap * new = (Heap )malloc(sizeof(Heap));
      |   ^~~~
Compilation failed
7000e65
Sun 16 Oct 2022 11:20:55 PM UTC: 
 heap.c | 9 ++++++---
 1 file changed, 6 insertions(+), 3 deletions(-)
In file included from test.c:4:
heap.c: In function ‘createHeap’:
heap.c:40:3: error: ‘i’ is used uninitialized in this function [-Werror=uninitialized]
   40 |   for(int i ; i < new->capac ; i++)
      |   ^~~
cc1: all warnings being treated as errors
Compilation failed
698f161
Sun 16 Oct 2022 11:20:58 PM UTC: 
In file included from test.c:4:
heap.c: In function ‘createHeap’:
heap.c:40:3: error: ‘i’ is used uninitialized in this function [-Werror=uninitialized]
   40 |   for(int i ; i < new->capac ; i++)
      |   ^~~
cc1: all warnings being treated as errors
Compilation failed
122e87a
Sun 16 Oct 2022 11:21:06 PM UTC: 
 heap.c | 3 +--
 1 file changed, 1 insertion(+), 2 deletions(-)
test.c: In function ‘createHeap’:
test.c:276:5: error: ‘main’ is normally a non-static function [-Werror=main]
  276 | int main( int argc, char *argv[] ) {
      |     ^~~~
test.c:292:1: error: expected declaration or statement at end of input
  292 | }
      | ^
test.c:12:6: error: unused variable ‘msg’ [-Werror=unused-variable]
   12 | char msg[300];
      |      ^~~
At top level:
test.c:276:5: error: ‘main’ defined but not used [-Werror=unused-function]
  276 | int main( int argc, char *argv[] ) {
      |     ^~~~
test.c:6:8: error: ‘_strdup’ defined but not used [-Werror=unused-function]
    6 | char * _strdup(const char * str) {
      |        ^~~~~~~
cc1: all warnings being treated as errors
Compilation failed
b3e5660
Sun 16 Oct 2022 11:21:26 PM UTC: 
test.c: In function ‘createHeap’:
test.c:276:5: error: ‘main’ is normally a non-static function [-Werror=main]
  276 | int main( int argc, char *argv[] ) {
      |     ^~~~
test.c:292:1: error: expected declaration or statement at end of input
  292 | }
      | ^
test.c:12:6: error: unused variable ‘msg’ [-Werror=unused-variable]
   12 | char msg[300];
      |      ^~~
At top level:
test.c:276:5: error: ‘main’ defined but not used [-Werror=unused-function]
  276 | int main( int argc, char *argv[] ) {
      |     ^~~~
test.c:6:8: error: ‘_strdup’ defined but not used [-Werror=unused-function]
    6 | char * _strdup(const char * str) {
      |        ^~~~~~~
cc1: all warnings being treated as errors
Compilation failed
f37d58c
Sun 16 Oct 2022 11:21:31 PM UTC: 
test.c: In function ‘createHeap’:
test.c:276:5: error: ‘main’ is normally a non-static function [-Werror=main]
  276 | int main( int argc, char *argv[] ) {
      |     ^~~~
test.c:292:1: error: expected declaration or statement at end of input
  292 | }
      | ^
test.c:12:6: error: unused variable ‘msg’ [-Werror=unused-variable]
   12 | char msg[300];
      |      ^~~
At top level:
test.c:276:5: error: ‘main’ defined but not used [-Werror=unused-function]
  276 | int main( int argc, char *argv[] ) {
      |     ^~~~
test.c:6:8: error: ‘_strdup’ defined but not used [-Werror=unused-function]
    6 | char * _strdup(const char * str) {
      |        ^~~~~~~
cc1: all warnings being treated as errors
Compilation failed
90b1e14
Sun 16 Oct 2022 11:21:36 PM UTC: 
test.c: In function ‘createHeap’:
test.c:276:5: error: ‘main’ is normally a non-static function [-Werror=main]
  276 | int main( int argc, char *argv[] ) {
      |     ^~~~
test.c:292:1: error: expected declaration or statement at end of input
  292 | }
      | ^
test.c:12:6: error: unused variable ‘msg’ [-Werror=unused-variable]
   12 | char msg[300];
      |      ^~~
At top level:
test.c:276:5: error: ‘main’ defined but not used [-Werror=unused-function]
  276 | int main( int argc, char *argv[] ) {
      |     ^~~~
test.c:6:8: error: ‘_strdup’ defined but not used [-Werror=unused-function]
    6 | char * _strdup(const char * str) {
      |        ^~~~~~~
cc1: all warnings being treated as errors
Compilation failed
82a963e
Sun 16 Oct 2022 11:21:38 PM UTC: 
test.c: In function ‘createHeap’:
test.c:276:5: error: ‘main’ is normally a non-static function [-Werror=main]
  276 | int main( int argc, char *argv[] ) {
      |     ^~~~
test.c:292:1: error: expected declaration or statement at end of input
  292 | }
      | ^
test.c:12:6: error: unused variable ‘msg’ [-Werror=unused-variable]
   12 | char msg[300];
      |      ^~~
At top level:
test.c:276:5: error: ‘main’ defined but not used [-Werror=unused-function]
  276 | int main( int argc, char *argv[] ) {
      |     ^~~~
test.c:6:8: error: ‘_strdup’ defined but not used [-Werror=unused-function]
    6 | char * _strdup(const char * str) {
      |        ^~~~~~~
cc1: all warnings being treated as errors
Compilation failed
f4acc3b
Sun 16 Oct 2022 11:22:06 PM UTC: 
test.c: In function ‘createHeap’:
test.c:276:5: error: ‘main’ is normally a non-static function [-Werror=main]
  276 | int main( int argc, char *argv[] ) {
      |     ^~~~
test.c:292:1: error: expected declaration or statement at end of input
  292 | }
      | ^
test.c:12:6: error: unused variable ‘msg’ [-Werror=unused-variable]
   12 | char msg[300];
      |      ^~~
At top level:
test.c:276:5: error: ‘main’ defined but not used [-Werror=unused-function]
  276 | int main( int argc, char *argv[] ) {
      |     ^~~~
test.c:6:8: error: ‘_strdup’ defined but not used [-Werror=unused-function]
    6 | char * _strdup(const char * str) {
      |        ^~~~~~~
cc1: all warnings being treated as errors
Compilation failed
72725f9
Sun 16 Oct 2022 11:22:34 PM UTC: 
 heap.c | 1 +
 1 file changed, 1 insertion(+)
In file included from test.c:4:
heap.c: In function ‘createHeap’:
heap.c:40:3: error: ‘i’ is used uninitialized in this function [-Werror=uninitialized]
   40 |   for(int i ; i < new->capac ; i++)
      |   ^~~
cc1: all warnings being treated as errors
Compilation failed
dfa45c9
Sun 16 Oct 2022 11:23:46 PM UTC: 
 heap.c | 1 +
 1 file changed, 1 insertion(+)
In file included from test.c:4:
heap.c: In function ‘createHeap’:
heap.c:40:7: error: unused variable ‘i’ [-Werror=unused-variable]
   40 |   int i;
      |       ^
heap.c:41:3: error: ‘i’ is used uninitialized in this function [-Werror=uninitialized]
   41 |   for(int i ; i < new->capac ; i++)
      |   ^~~
cc1: all warnings being treated as errors
Compilation failed
c903324
Sun 16 Oct 2022 11:23:56 PM UTC: 
 heap.c | 2 +-
 1 file changed, 1 insertion(+), 1 deletion(-)
In file included from test.c:4:
heap.c: In function ‘createHeap’:
heap.c:41:3: error: ‘i’ is used uninitialized in this function [-Werror=uninitialized]
   41 |   for(int i ; i < new->capac ; i++)
      |   ^~~
cc1: all warnings being treated as errors
Compilation failed
9482a70
Sun 16 Oct 2022 11:25:19 PM UTC: 
 heap.c | 2 +-
 1 file changed, 1 insertion(+), 1 deletion(-)
 tests:  1|3
total_score: 10/70
68db545
Sun 16 Oct 2022 11:47:30 PM UTC: 
 heap.c | 8 ++++++++
 1 file changed, 8 insertions(+)
 tests:  2|2
total_score: 20/70
dce7c23
Sun 16 Oct 2022 11:48:55 PM UTC: 
 heap.c | 8 ++++++++
 1 file changed, 8 insertions(+)
In file included from test.c:4:
heap.c: In function ‘heap_push’:
heap.c:36:7: error: unused variable ‘talla’ [-Werror=unused-variable]
   36 |   int talla = pq->size;
      |       ^~~~~
heap.c:35:8: error: unused variable ‘i’ [-Werror=unused-variable]
   35 |    int i = 0;
      |        ^
cc1: all warnings being treated as errors
Compilation failed
2cffc3c
Mon 17 Oct 2022 12:01:38 AM UTC: 
 heap.c | 8 ++++++++
 1 file changed, 8 insertions(+)
In file included from test.c:4:
heap.c: In function ‘heap_push’:
heap.c:48:33: error: ‘padre’ undeclared (first use in this function)
   48 |     int auxPrio = pq->heapArray[padre].priority;
      |                                 ^~~~~
heap.c:48:33: note: each undeclared identifier is reported only once for each function it appears in
heap.c:48:9: error: unused variable ‘auxPrio’ [-Werror=unused-variable]
   48 |     int auxPrio = pq->heapArray[padre].priority;
      |         ^~~~~~~
cc1: all warnings being treated as errors
Compilation failed
3623964
Mon 17 Oct 2022 12:08:30 AM UTC: 
 heap.c | 12 ++++++++++--
 1 file changed, 10 insertions(+), 2 deletions(-)
 tests:  7|1
total_score: 45/70
ab4095e
Mon 17 Oct 2022 01:18:19 AM UTC: 
 heap.c | 2 +-
 1 file changed, 1 insertion(+), 1 deletion(-)
In file included from test.c:4:
heap.c: In function ‘heap_push’:
heap.c:45:34: error: ‘www’ undeclared (first use in this function)
   45 |   for(i = pq->size ; i>= 0 ; i--)www
      |                                  ^~~
heap.c:45:34: note: each undeclared identifier is reported only once for each function it appears in
heap.c:45:37: error: expected ‘;’ before ‘{’ token
   45 |   for(i = pq->size ; i>= 0 ; i--)www
      |                                     ^
      |                                     ;
   46 |   {
      |   ~                                  
Compilation failed
0dd5018
Mon 17 Oct 2022 01:18:36 AM UTC: 
 heap.c | 2 +-
 1 file changed, 1 insertion(+), 1 deletion(-)
In file included from test.c:4:
heap.c: In function ‘heap_push’:
heap.c:45:34: error: ‘www’ undeclared (first use in this function)
   45 |   for(i = pq->size ; i>= 0 ; i--)www
      |                                  ^~~
heap.c:45:34: note: each undeclared identifier is reported only once for each function it appears in
heap.c:45:37: error: expected ‘;’ before ‘{’ token
   45 |   for(i = pq->size ; i>= 0 ; i--)www
      |                                     ^
      |                                     ;
   46 |   {
      |   ~                                  
test.c:276:5: error: ‘main’ is normally a non-static function [-Werror=main]
  276 | int main( int argc, char *argv[] ) {
      |     ^~~~
test.c:292:1: error: expected declaration or statement at end of input
  292 | }
      | ^
At top level:
test.c:276:5: error: ‘main’ defined but not used [-Werror=unused-function]
  276 | int main( int argc, char *argv[] ) {
      |     ^~~~
cc1: all warnings being treated as errors
Compilation failed
79ed205
Mon 17 Oct 2022 01:19:23 AM UTC: 
 heap.c | 2 +-
 1 file changed, 1 insertion(+), 1 deletion(-)
test.c: In function ‘heap_push’:
test.c:276:5: error: ‘main’ is normally a non-static function [-Werror=main]
  276 | int main( int argc, char *argv[] ) {
      |     ^~~~
test.c:292:1: error: expected declaration or statement at end of input
  292 | }
      | ^
test.c:12:6: error: unused variable ‘msg’ [-Werror=unused-variable]
   12 | char msg[300];
      |      ^~~
At top level:
test.c:276:5: error: ‘main’ defined but not used [-Werror=unused-function]
  276 | int main( int argc, char *argv[] ) {
      |     ^~~~
test.c:6:8: error: ‘_strdup’ defined but not used [-Werror=unused-function]
    6 | char * _strdup(const char * str) {
      |        ^~~~~~~
cc1: all warnings being treated as errors
Compilation failed
ca5ffe9
Mon 17 Oct 2022 01:27:06 AM UTC: 
 heap.c | 8 +++++++-
 1 file changed, 7 insertions(+), 1 deletion(-)
In file included from test.c:4:
heap.c: In function ‘heap_pop’:
heap.c:64:7: error: unused variable ‘auxPrio’ [-Werror=unused-variable]
   64 |   int auxPrio = pq->heapArray[talla -1].priority;
      |       ^~~~~~~
test.c: In function ‘heap_push’:
test.c:276:5: error: ‘main’ is normally a non-static function [-Werror=main]
  276 | int main( int argc, char *argv[] ) {
      |     ^~~~
test.c:292:1: error: expected declaration or statement at end of input
  292 | }
      | ^
test.c:12:6: error: unused variable ‘msg’ [-Werror=unused-variable]
   12 | char msg[300];
      |      ^~~
At top level:
test.c:276:5: error: ‘main’ defined but not used [-Werror=unused-function]
  276 | int main( int argc, char *argv[] ) {
      |     ^~~~
test.c:6:8: error: ‘_strdup’ defined but not used [-Werror=unused-function]
    6 | char * _strdup(const char * str) {
      |        ^~~~~~~
cc1: all warnings being treated as errors
Compilation failed
73fec68
Mon 17 Oct 2022 01:27:43 AM UTC: 
 heap.c | 13 +++++++++++--
 1 file changed, 11 insertions(+), 2 deletions(-)
test.c: In function ‘heap_push’:
test.c:276:5: error: ‘main’ is normally a non-static function [-Werror=main]
  276 | int main( int argc, char *argv[] ) {
      |     ^~~~
test.c:292:1: error: expected declaration or statement at end of input
  292 | }
      | ^
test.c:12:6: error: unused variable ‘msg’ [-Werror=unused-variable]
   12 | char msg[300];
      |      ^~~
At top level:
test.c:276:5: error: ‘main’ defined but not used [-Werror=unused-function]
  276 | int main( int argc, char *argv[] ) {
      |     ^~~~
test.c:6:8: error: ‘_strdup’ defined but not used [-Werror=unused-function]
    6 | char * _strdup(const char * str) {
      |        ^~~~~~~
cc1: all warnings being treated as errors
Compilation failed
ef739b3
